c:\users\robbe\documents\school\semester4\prog4\repo\janssensrobbe_2dae07_engine_programming4\engine\minigin\x64\release\minigin.pch
c:\users\robbe\documents\school\semester4\prog4\repo\janssensrobbe_2dae07_engine_programming4\engine\minigin\x64\release\minigin.pdb
c:\users\robbe\documents\school\semester4\prog4\repo\janssensrobbe_2dae07_engine_programming4\engine\minigin\x64\release\miniginpch.obj
c:\users\robbe\documents\school\semester4\prog4\repo\janssensrobbe_2dae07_engine_programming4\engine\minigin\x64\release\textcomponent.obj
c:\users\robbe\documents\school\semester4\prog4\repo\janssensrobbe_2dae07_engine_programming4\engine\minigin\x64\release\structs.obj
c:\users\robbe\documents\school\semester4\prog4\repo\janssensrobbe_2dae07_engine_programming4\engine\minigin\x64\release\statemachine.obj
c:\users\robbe\documents\school\semester4\prog4\repo\janssensrobbe_2dae07_engine_programming4\engine\minigin\x64\release\spritecomponent.obj
c:\users\robbe\documents\school\semester4\prog4\repo\janssensrobbe_2dae07_engine_programming4\engine\minigin\x64\release\resourcemanager.obj
c:\users\robbe\documents\school\semester4\prog4\repo\janssensrobbe_2dae07_engine_programming4\engine\minigin\x64\release\renderer.obj
c:\users\robbe\documents\school\semester4\prog4\repo\janssensrobbe_2dae07_engine_programming4\engine\minigin\x64\release\main.obj
c:\users\robbe\documents\school\semester4\prog4\repo\janssensrobbe_2dae07_engine_programming4\engine\minigin\x64\release\log.obj
c:\users\robbe\documents\school\semester4\prog4\repo\janssensrobbe_2dae07_engine_programming4\engine\minigin\x64\release\gameobject.obj
c:\users\robbe\documents\school\semester4\prog4\repo\janssensrobbe_2dae07_engine_programming4\engine\minigin\x64\release\font.obj
c:\users\robbe\documents\school\semester4\prog4\repo\janssensrobbe_2dae07_engine_programming4\engine\minigin\x64\release\buttonmanager.obj
c:\users\robbe\documents\school\semester4\prog4\repo\janssensrobbe_2dae07_engine_programming4\engine\minigin\x64\release\binreader.obj
c:\users\robbe\documents\school\semester4\prog4\repo\janssensrobbe_2dae07_engine_programming4\engine\minigin\x64\release\basecomponent.obj
c:\users\robbe\documents\school\semester4\prog4\repo\janssensrobbe_2dae07_engine_programming4\engine\minigin\x64\release\astarpathfinding.obj
c:\users\robbe\documents\school\semester4\prog4\repo\janssensrobbe_2dae07_engine_programming4\engine\minigin\x64\release\vector2f.obj
c:\users\robbe\documents\school\semester4\prog4\repo\janssensrobbe_2dae07_engine_programming4\engine\minigin\x64\release\transformcomponent.obj
c:\users\robbe\documents\school\semester4\prog4\repo\janssensrobbe_2dae07_engine_programming4\engine\minigin\x64\release\texturecomponent.obj
c:\users\robbe\documents\school\semester4\prog4\repo\janssensrobbe_2dae07_engine_programming4\engine\minigin\x64\release\texture2d.obj
c:\users\robbe\documents\school\semester4\prog4\repo\janssensrobbe_2dae07_engine_programming4\engine\minigin\x64\release\scenemanager.obj
c:\users\robbe\documents\school\semester4\prog4\repo\janssensrobbe_2dae07_engine_programming4\engine\minigin\x64\release\scene.obj
c:\users\robbe\documents\school\semester4\prog4\repo\janssensrobbe_2dae07_engine_programming4\engine\minigin\x64\release\minigin.obj
c:\users\robbe\documents\school\semester4\prog4\repo\janssensrobbe_2dae07_engine_programming4\engine\minigin\x64\release\inputmanager.obj
c:\users\robbe\documents\school\semester4\prog4\repo\janssensrobbe_2dae07_engine_programming4\engine\minigin\x64\release\charactercomponent.obj
c:\users\robbe\documents\school\semester4\prog4\repo\janssensrobbe_2dae07_engine_programming4\engine\minigin\x64\release\minigin.tlog\cl.command.1.tlog
c:\users\robbe\documents\school\semester4\prog4\repo\janssensrobbe_2dae07_engine_programming4\engine\minigin\x64\release\minigin.tlog\cl.read.1.tlog
c:\users\robbe\documents\school\semester4\prog4\repo\janssensrobbe_2dae07_engine_programming4\engine\minigin\x64\release\minigin.tlog\cl.write.1.tlog
