c:\users\robbe\documents\school\semester4\prog4\repo\janssensrobbe_2dae07_engine_programming4\engine\minigin\x64\debug\minigin.pch
c:\users\robbe\documents\school\semester4\prog4\repo\janssensrobbe_2dae07_engine_programming4\engine\minigin\x64\debug\vc141.pdb
c:\users\robbe\documents\school\semester4\prog4\repo\janssensrobbe_2dae07_engine_programming4\engine\minigin\x64\debug\vc141.idb
c:\users\robbe\documents\school\semester4\prog4\repo\janssensrobbe_2dae07_engine_programming4\engine\minigin\x64\debug\miniginpch.obj
c:\users\robbe\documents\school\semester4\prog4\repo\janssensrobbe_2dae07_engine_programming4\engine\minigin\x64\debug\transformcomponent.obj
c:\users\robbe\documents\school\semester4\prog4\repo\janssensrobbe_2dae07_engine_programming4\engine\minigin\x64\debug\texture2d.obj
c:\users\robbe\documents\school\semester4\prog4\repo\janssensrobbe_2dae07_engine_programming4\engine\minigin\x64\debug\textcomponent.obj
c:\users\robbe\documents\school\semester4\prog4\repo\janssensrobbe_2dae07_engine_programming4\engine\minigin\x64\debug\scenemanager.obj
c:\users\robbe\documents\school\semester4\prog4\repo\janssensrobbe_2dae07_engine_programming4\engine\minigin\x64\debug\scene.obj
c:\users\robbe\documents\school\semester4\prog4\repo\janssensrobbe_2dae07_engine_programming4\engine\minigin\x64\debug\resourcemanager.obj
c:\users\robbe\documents\school\semester4\prog4\repo\janssensrobbe_2dae07_engine_programming4\engine\minigin\x64\debug\renderer.obj
c:\users\robbe\documents\school\semester4\prog4\repo\janssensrobbe_2dae07_engine_programming4\engine\minigin\x64\debug\minigin.obj
c:\users\robbe\documents\school\semester4\prog4\repo\janssensrobbe_2dae07_engine_programming4\engine\minigin\x64\debug\main.obj
c:\users\robbe\documents\school\semester4\prog4\repo\janssensrobbe_2dae07_engine_programming4\engine\minigin\x64\debug\log.obj
c:\users\robbe\documents\school\semester4\prog4\repo\janssensrobbe_2dae07_engine_programming4\engine\minigin\x64\debug\inputmanager.obj
c:\users\robbe\documents\school\semester4\prog4\repo\janssensrobbe_2dae07_engine_programming4\engine\minigin\x64\debug\font.obj
c:\users\robbe\documents\school\semester4\prog4\repo\janssensrobbe_2dae07_engine_programming4\engine\minigin\x64\debug\basecomponent.obj
c:\users\robbe\documents\school\semester4\prog4\repo\janssensrobbe_2dae07_engine_programming4\engine\minigin\x64\debug\gameobject.obj
c:\users\robbe\documents\school\semester4\prog4\repo\janssensrobbe_2dae07_engine_programming4\engine\minigin\x64\debug\texturecomponent.obj
c:\users\robbe\documents\school\semester4\prog4\repo\janssensrobbe_2dae07_engine_programming4\engine\x64\debug\minigin.exe
c:\users\robbe\documents\school\semester4\prog4\repo\janssensrobbe_2dae07_engine_programming4\engine\x64\debug\minigin.ilk
c:\users\robbe\documents\school\semester4\prog4\repo\janssensrobbe_2dae07_engine_programming4\engine\x64\debug\minigin.pdb
c:\users\robbe\documents\school\semester4\prog4\repo\janssensrobbe_2dae07_engine_programming4\engine\x64\debug\minigin.lib
c:\users\robbe\documents\school\semester4\prog4\repo\janssensrobbe_2dae07_engine_programming4\engine\x64\debug\minigin.exp
c:\users\robbe\documents\school\semester4\prog4\repo\janssensrobbe_2dae07_engine_programming4\engine\minigin\x64\debug\gameobject.obj.enc
c:\users\robbe\documents\school\semester4\prog4\repo\janssensrobbe_2dae07_engine_programming4\engine\minigin\x64\debug\minigin.tlog\cl.command.1.tlog
c:\users\robbe\documents\school\semester4\prog4\repo\janssensrobbe_2dae07_engine_programming4\engine\minigin\x64\debug\minigin.tlog\cl.read.1.tlog
c:\users\robbe\documents\school\semester4\prog4\repo\janssensrobbe_2dae07_engine_programming4\engine\minigin\x64\debug\minigin.tlog\cl.write.1.tlog
c:\users\robbe\documents\school\semester4\prog4\repo\janssensrobbe_2dae07_engine_programming4\engine\minigin\x64\debug\minigin.tlog\link.command.1.tlog
c:\users\robbe\documents\school\semester4\prog4\repo\janssensrobbe_2dae07_engine_programming4\engine\minigin\x64\debug\minigin.tlog\link.read.1.tlog
c:\users\robbe\documents\school\semester4\prog4\repo\janssensrobbe_2dae07_engine_programming4\engine\minigin\x64\debug\minigin.tlog\link.write.1.tlog
c:\users\robbe\documents\school\semester4\prog4\repo\janssensrobbe_2dae07_engine_programming4\engine\minigin\x64\debug\minigin.tlog\minigin.write.1u.tlog
