  MiniginPCH.cpp
  BaseComponent.cpp
  CharacterComponent.cpp
  Font.cpp
  GameObject.cpp
  InputManager.cpp
  Level.cpp
  Log.cpp
  Main.cpp
  Minigin.cpp
  Renderer.cpp
  ResourceManager.cpp
  Scene.cpp
  SceneManager.cpp
  SpriteComponent.cpp
  StateMachine.cpp
  Structs.cpp
  TextComponent.cpp
  Texture2D.cpp
  TextureComponent.cpp
  TransformComponent.cpp
  Generating Code...
  Compiling...
  Vector2f.cpp
  Generating Code...
     Creating library C:\Users\Robbe\Documents\school\Semester4\Prog4\Repo\JanssensRobbe_2DAE07_Engine_Programming4\Engine\x64\Debug\Minigin.lib and object C:\Users\Robbe\Documents\school\Semester4\Prog4\Repo\JanssensRobbe_2DAE07_Engine_Programming4\Engine\x64\Debug\Minigin.exp
  Minigin.vcxproj -> C:\Users\Robbe\Documents\school\Semester4\Prog4\Repo\JanssensRobbe_2DAE07_Engine_Programming4\Engine\x64\Debug\Minigin.exe
  C:\Users\Robbe\Documents\school\Semester4\Prog4\Repo\JanssensRobbe_2DAE07_Engine_Programming4\Engine\3rdParty\SDL2\lib\x64\SDL2.dll
  1 File(s) copied
  C:\Users\Robbe\Documents\school\Semester4\Prog4\Repo\JanssensRobbe_2DAE07_Engine_Programming4\Engine\3rdParty\SDL2_image\lib\x64\libjpeg-9.dll
  C:\Users\Robbe\Documents\school\Semester4\Prog4\Repo\JanssensRobbe_2DAE07_Engine_Programming4\Engine\3rdParty\SDL2_image\lib\x64\libpng16-16.dll
  C:\Users\Robbe\Documents\school\Semester4\Prog4\Repo\JanssensRobbe_2DAE07_Engine_Programming4\Engine\3rdParty\SDL2_image\lib\x64\libtiff-5.dll
  C:\Users\Robbe\Documents\school\Semester4\Prog4\Repo\JanssensRobbe_2DAE07_Engine_Programming4\Engine\3rdParty\SDL2_image\lib\x64\libwebp-7.dll
  C:\Users\Robbe\Documents\school\Semester4\Prog4\Repo\JanssensRobbe_2DAE07_Engine_Programming4\Engine\3rdParty\SDL2_image\lib\x64\SDL2_image.dll
  C:\Users\Robbe\Documents\school\Semester4\Prog4\Repo\JanssensRobbe_2DAE07_Engine_Programming4\Engine\3rdParty\SDL2_image\lib\x64\zlib1.dll
  6 File(s) copied
  C:\Users\Robbe\Documents\school\Semester4\Prog4\Repo\JanssensRobbe_2DAE07_Engine_Programming4\Engine\3rdParty\SDL2_ttf\lib\x64\libfreetype-6.dll
  C:\Users\Robbe\Documents\school\Semester4\Prog4\Repo\JanssensRobbe_2DAE07_Engine_Programming4\Engine\3rdParty\SDL2_ttf\lib\x64\SDL2_ttf.dll
  2 File(s) copied
