  StartMenuScene.cpp
c:\users\robbe\documents\school\semester4\prog4\repo\janssensrobbe_2dae07_engine_programming4\engine\digdug\startmenuscene.cpp(38): error C2061: syntax error: identifier 'ButtonDownCommand'
c:\users\robbe\documents\school\semester4\prog4\repo\janssensrobbe_2dae07_engine_programming4\engine\digdug\startmenuscene.cpp(38): error C2143: syntax error: missing ';' before '{'
c:\users\robbe\documents\school\semester4\prog4\repo\janssensrobbe_2dae07_engine_programming4\engine\digdug\startmenuscene.cpp(38): error C2440: 'initializing': cannot convert from 'initializer list' to 'dae::Action'
  c:\users\robbe\documents\school\semester4\prog4\repo\janssensrobbe_2dae07_engine_programming4\engine\digdug\startmenuscene.cpp(38): note: No constructor could take the source type, or constructor overload resolution was ambiguous
c:\users\robbe\documents\school\semester4\prog4\repo\janssensrobbe_2dae07_engine_programming4\engine\digdug\startmenuscene.cpp(39): error C2653: 'InputManager': is not a class or namespace name
c:\users\robbe\documents\school\semester4\prog4\repo\janssensrobbe_2dae07_engine_programming4\engine\digdug\startmenuscene.cpp(39): error C3484: syntax error: expected '->' before the return type
c:\users\robbe\documents\school\semester4\prog4\repo\janssensrobbe_2dae07_engine_programming4\engine\digdug\startmenuscene.cpp(39): error C3613: missing return type after '->' ('int' assumed)
c:\users\robbe\documents\school\semester4\prog4\repo\janssensrobbe_2dae07_engine_programming4\engine\digdug\startmenuscene.cpp(39): error C3646: 'AddAction': unknown override specifier
c:\users\robbe\documents\school\semester4\prog4\repo\janssensrobbe_2dae07_engine_programming4\engine\digdug\startmenuscene.cpp(39): error C3551: if a trailing return type is used then the leading return type shall be the single type-specifier 'auto' (not 'int')
c:\users\robbe\documents\school\semester4\prog4\repo\janssensrobbe_2dae07_engine_programming4\engine\digdug\startmenuscene.cpp(39): error C4430: missing type specifier - int assumed. Note: C++ does not support default-int
c:\users\robbe\documents\school\semester4\prog4\repo\janssensrobbe_2dae07_engine_programming4\engine\digdug\startmenuscene.cpp(39): error C2059: syntax error: '('
c:\users\robbe\documents\school\semester4\prog4\repo\janssensrobbe_2dae07_engine_programming4\engine\digdug\startmenuscene.cpp(40): error C2065: 'Action': undeclared identifier
c:\users\robbe\documents\school\semester4\prog4\repo\janssensrobbe_2dae07_engine_programming4\engine\digdug\startmenuscene.cpp(40): error C2061: syntax error: identifier 'ButtonUpCommand'
c:\users\robbe\documents\school\semester4\prog4\repo\janssensrobbe_2dae07_engine_programming4\engine\digdug\startmenuscene.cpp(40): error C2143: syntax error: missing ';' before '{'
c:\users\robbe\documents\school\semester4\prog4\repo\janssensrobbe_2dae07_engine_programming4\engine\digdug\startmenuscene.cpp(41): error C2653: 'InputManager': is not a class or namespace name
c:\users\robbe\documents\school\semester4\prog4\repo\janssensrobbe_2dae07_engine_programming4\engine\digdug\startmenuscene.cpp(41): error C3484: syntax error: expected '->' before the return type
c:\users\robbe\documents\school\semester4\prog4\repo\janssensrobbe_2dae07_engine_programming4\engine\digdug\startmenuscene.cpp(41): error C3613: missing return type after '->' ('int' assumed)
c:\users\robbe\documents\school\semester4\prog4\repo\janssensrobbe_2dae07_engine_programming4\engine\digdug\startmenuscene.cpp(41): error C3646: 'AddAction': unknown override specifier
c:\users\robbe\documents\school\semester4\prog4\repo\janssensrobbe_2dae07_engine_programming4\engine\digdug\startmenuscene.cpp(41): error C3551: if a trailing return type is used then the leading return type shall be the single type-specifier 'auto' (not 'int')
c:\users\robbe\documents\school\semester4\prog4\repo\janssensrobbe_2dae07_engine_programming4\engine\digdug\startmenuscene.cpp(41): error C4430: missing type specifier - int assumed. Note: C++ does not support default-int
c:\users\robbe\documents\school\semester4\prog4\repo\janssensrobbe_2dae07_engine_programming4\engine\digdug\startmenuscene.cpp(41): error C2084: function 'int GetInstance(void)' already has a body
  c:\users\robbe\documents\school\semester4\prog4\repo\janssensrobbe_2dae07_engine_programming4\engine\digdug\startmenuscene.cpp(39): note: see previous definition of 'GetInstance'
c:\users\robbe\documents\school\semester4\prog4\repo\janssensrobbe_2dae07_engine_programming4\engine\digdug\startmenuscene.cpp(41): error C2059: syntax error: '('
c:\users\robbe\documents\school\semester4\prog4\repo\janssensrobbe_2dae07_engine_programming4\engine\digdug\startmenuscene.cpp(41): error C2371: 'ButtonUpAction': redefinition; different basic types
  c:\users\robbe\documents\school\semester4\prog4\repo\janssensrobbe_2dae07_engine_programming4\engine\digdug\startmenuscene.cpp(40): note: see declaration of 'ButtonUpAction'
c:\users\robbe\documents\school\semester4\prog4\repo\janssensrobbe_2dae07_engine_programming4\engine\digdug\startmenuscene.cpp(43): error C2065: 'GameObject': undeclared identifier
c:\users\robbe\documents\school\semester4\prog4\repo\janssensrobbe_2dae07_engine_programming4\engine\digdug\startmenuscene.cpp(43): error C2672: 'std::make_shared': no matching overloaded function found
c:\users\robbe\documents\school\semester4\prog4\repo\janssensrobbe_2dae07_engine_programming4\engine\digdug\startmenuscene.cpp(43): error C2974: 'std::make_shared': invalid template argument for '_Ty', type expected
  c:\program files (x86)\microsoft visual studio\2017\community\vc\tools\msvc\14.16.27023\include\memory(1864): note: see declaration of 'std::make_shared'
c:\users\robbe\documents\school\semester4\prog4\repo\janssensrobbe_2dae07_engine_programming4\engine\digdug\startmenuscene.cpp(44): error C2143: syntax error: missing ';' before '*'
c:\users\robbe\documents\school\semester4\prog4\repo\janssensrobbe_2dae07_engine_programming4\engine\digdug\startmenuscene.cpp(44): error C4430: missing type specifier - int assumed. Note: C++ does not support default-int
c:\users\robbe\documents\school\semester4\prog4\repo\janssensrobbe_2dae07_engine_programming4\engine\digdug\startmenuscene.cpp(44): error C2061: syntax error: identifier 'TextureComponent'
c:\users\robbe\documents\school\semester4\prog4\repo\janssensrobbe_2dae07_engine_programming4\engine\digdug\startmenuscene.cpp(45): error C3927: '->': trailing return type is not allowed after a non-function declarator
c:\users\robbe\documents\school\semester4\prog4\repo\janssensrobbe_2dae07_engine_programming4\engine\digdug\startmenuscene.cpp(45): error C3613: missing return type after '->' ('int' assumed)
c:\users\robbe\documents\school\semester4\prog4\repo\janssensrobbe_2dae07_engine_programming4\engine\digdug\startmenuscene.cpp(45): error C4430: missing type specifier - int assumed. Note: C++ does not support default-int
c:\users\robbe\documents\school\semester4\prog4\repo\janssensrobbe_2dae07_engine_programming4\engine\digdug\startmenuscene.cpp(45): error C2371: 'to': redefinition; different basic types
  c:\users\robbe\documents\school\semester4\prog4\repo\janssensrobbe_2dae07_engine_programming4\engine\digdug\startmenuscene.cpp(43): note: see declaration of 'to'
c:\users\robbe\documents\school\semester4\prog4\repo\janssensrobbe_2dae07_engine_programming4\engine\digdug\startmenuscene.cpp(45): error C2146: syntax error: missing ';' before identifier 'AddComponent'
c:\users\robbe\documents\school\semester4\prog4\repo\janssensrobbe_2dae07_engine_programming4\engine\digdug\startmenuscene.cpp(46): error C3927: '->': trailing return type is not allowed after a non-function declarator
c:\users\robbe\documents\school\semester4\prog4\repo\janssensrobbe_2dae07_engine_programming4\engine\digdug\startmenuscene.cpp(46): error C3613: missing return type after '->' ('int' assumed)
c:\users\robbe\documents\school\semester4\prog4\repo\janssensrobbe_2dae07_engine_programming4\engine\digdug\startmenuscene.cpp(46): error C4430: missing type specifier - int assumed. Note: C++ does not support default-int
c:\users\robbe\documents\school\semester4\prog4\repo\janssensrobbe_2dae07_engine_programming4\engine\digdug\startmenuscene.cpp(46): error C2371: 'to': redefinition; different basic types
  c:\users\robbe\documents\school\semester4\prog4\repo\janssensrobbe_2dae07_engine_programming4\engine\digdug\startmenuscene.cpp(43): note: see declaration of 'to'
c:\users\robbe\documents\school\semester4\prog4\repo\janssensrobbe_2dae07_engine_programming4\engine\digdug\startmenuscene.cpp(46): error C2146: syntax error: missing ';' before identifier 'SetPosition'
c:\users\robbe\documents\school\semester4\prog4\repo\janssensrobbe_2dae07_engine_programming4\engine\digdug\startmenuscene.cpp(47): error C3536: 'to': cannot be used before it is initialized
c:\users\robbe\documents\school\semester4\prog4\repo\janssensrobbe_2dae07_engine_programming4\engine\digdug\startmenuscene.cpp(47): error C4430: missing type specifier - int assumed. Note: C++ does not support default-int
c:\users\robbe\documents\school\semester4\prog4\repo\janssensrobbe_2dae07_engine_programming4\engine\digdug\startmenuscene.cpp(49): error C4430: missing type specifier - int assumed. Note: C++ does not support default-int
c:\users\robbe\documents\school\semester4\prog4\repo\janssensrobbe_2dae07_engine_programming4\engine\digdug\startmenuscene.cpp(49): error C2374: 'to': redefinition; multiple initialization
  c:\users\robbe\documents\school\semester4\prog4\repo\janssensrobbe_2dae07_engine_programming4\engine\digdug\startmenuscene.cpp(43): note: see declaration of 'to'
c:\users\robbe\documents\school\semester4\prog4\repo\janssensrobbe_2dae07_engine_programming4\engine\digdug\startmenuscene.cpp(49): error C2065: 'GameObject': undeclared identifier
c:\users\robbe\documents\school\semester4\prog4\repo\janssensrobbe_2dae07_engine_programming4\engine\digdug\startmenuscene.cpp(49): error C2672: 'std::make_shared': no matching overloaded function found
c:\users\robbe\documents\school\semester4\prog4\repo\janssensrobbe_2dae07_engine_programming4\engine\digdug\startmenuscene.cpp(49): error C2974: 'std::make_shared': invalid template argument for '_Ty', type expected
  c:\program files (x86)\microsoft visual studio\2017\community\vc\tools\msvc\14.16.27023\include\memory(1864): note: see declaration of 'std::make_shared'
c:\users\robbe\documents\school\semester4\prog4\repo\janssensrobbe_2dae07_engine_programming4\engine\digdug\startmenuscene.cpp(50): error C2143: syntax error: missing ';' before '*'
c:\users\robbe\documents\school\semester4\prog4\repo\janssensrobbe_2dae07_engine_programming4\engine\digdug\startmenuscene.cpp(50): error C4430: missing type specifier - int assumed. Note: C++ does not support default-int
c:\users\robbe\documents\school\semester4\prog4\repo\janssensrobbe_2dae07_engine_programming4\engine\digdug\startmenuscene.cpp(50): error C2061: syntax error: identifier 'TextComponent'
c:\users\robbe\documents\school\semester4\prog4\repo\janssensrobbe_2dae07_engine_programming4\engine\digdug\startmenuscene.cpp(50): error C2653: 'ResourceManager': is not a class or namespace name
c:\users\robbe\documents\school\semester4\prog4\repo\janssensrobbe_2dae07_engine_programming4\engine\digdug\startmenuscene.cpp(50): error C3484: syntax error: expected '->' before the return type
c:\users\robbe\documents\school\semester4\prog4\repo\janssensrobbe_2dae07_engine_programming4\engine\digdug\startmenuscene.cpp(50): error C3613: missing return type after '->' ('int' assumed)
c:\users\robbe\documents\school\semester4\prog4\repo\janssensrobbe_2dae07_engine_programming4\engine\digdug\startmenuscene.cpp(50): error C3646: 'LoadFont': unknown override specifier
c:\users\robbe\documents\school\semester4\prog4\repo\janssensrobbe_2dae07_engine_programming4\engine\digdug\startmenuscene.cpp(50): error C3551: if a trailing return type is used then the leading return type shall be the single type-specifier 'auto' (not 'int')
c:\users\robbe\documents\school\semester4\prog4\repo\janssensrobbe_2dae07_engine_programming4\engine\digdug\startmenuscene.cpp(50): error C2059: syntax error: '('
c:\users\robbe\documents\school\semester4\prog4\repo\janssensrobbe_2dae07_engine_programming4\engine\digdug\startmenuscene.cpp(50): error C2143: syntax error: missing ';' before '{'
c:\users\robbe\documents\school\semester4\prog4\repo\janssensrobbe_2dae07_engine_programming4\engine\digdug\startmenuscene.cpp(50): error C2447: '{': missing function header (old-style formal list?)
c:\users\robbe\documents\school\semester4\prog4\repo\janssensrobbe_2dae07_engine_programming4\engine\digdug\startmenuscene.cpp(50): error C2059: syntax error: ')'
c:\users\robbe\documents\school\semester4\prog4\repo\janssensrobbe_2dae07_engine_programming4\engine\digdug\startmenuscene.cpp(51): error C3927: '->': trailing return type is not allowed after a non-function declarator
c:\users\robbe\documents\school\semester4\prog4\repo\janssensrobbe_2dae07_engine_programming4\engine\digdug\startmenuscene.cpp(51): error C3613: missing return type after '->' ('int' assumed)
c:\users\robbe\documents\school\semester4\prog4\repo\janssensrobbe_2dae07_engine_programming4\engine\digdug\startmenuscene.cpp(51): error C4430: missing type specifier - int assumed. Note: C++ does not support default-int
c:\users\robbe\documents\school\semester4\prog4\repo\janssensrobbe_2dae07_engine_programming4\engine\digdug\startmenuscene.cpp(51): error C2086: 'int to': redefinition
  c:\users\robbe\documents\school\semester4\prog4\repo\janssensrobbe_2dae07_engine_programming4\engine\digdug\startmenuscene.cpp(43): note: see declaration of 'to'
c:\users\robbe\documents\school\semester4\prog4\repo\janssensrobbe_2dae07_engine_programming4\engine\digdug\startmenuscene.cpp(51): error C2146: syntax error: missing ';' before identifier 'AddComponent'
c:\users\robbe\documents\school\semester4\prog4\repo\janssensrobbe_2dae07_engine_programming4\engine\digdug\startmenuscene.cpp(52): error C3927: '->': trailing return type is not allowed after a non-function declarator
c:\users\robbe\documents\school\semester4\prog4\repo\janssensrobbe_2dae07_engine_programming4\engine\digdug\startmenuscene.cpp(52): error C3613: missing return type after '->' ('int' assumed)
c:\users\robbe\documents\school\semester4\prog4\repo\janssensrobbe_2dae07_engine_programming4\engine\digdug\startmenuscene.cpp(52): error C4430: missing type specifier - int assumed. Note: C++ does not support default-int
c:\users\robbe\documents\school\semester4\prog4\repo\janssensrobbe_2dae07_engine_programming4\engine\digdug\startmenuscene.cpp(52): error C2086: 'int to': redefinition
  c:\users\robbe\documents\school\semester4\prog4\repo\janssensrobbe_2dae07_engine_programming4\engine\digdug\startmenuscene.cpp(43): note: see declaration of 'to'
c:\users\robbe\documents\school\semester4\prog4\repo\janssensrobbe_2dae07_engine_programming4\engine\digdug\startmenuscene.cpp(52): error C2146: syntax error: missing ';' before identifier 'SetPosition'
c:\users\robbe\documents\school\semester4\prog4\repo\janssensrobbe_2dae07_engine_programming4\engine\digdug\startmenuscene.cpp(53): error C4430: missing type specifier - int assumed. Note: C++ does not support default-int
c:\users\robbe\documents\school\semester4\prog4\repo\janssensrobbe_2dae07_engine_programming4\engine\digdug\startmenuscene.cpp(53): error C2374: 'Add': redefinition; multiple initialization
  c:\users\robbe\documents\school\semester4\prog4\repo\janssensrobbe_2dae07_engine_programming4\engine\digdug\startmenuscene.cpp(47): note: see declaration of 'Add'
c:\users\robbe\documents\school\semester4\prog4\repo\janssensrobbe_2dae07_engine_programming4\engine\digdug\startmenuscene.cpp(55): error C4430: missing type specifier - int assumed. Note: C++ does not support default-int
c:\users\robbe\documents\school\semester4\prog4\repo\janssensrobbe_2dae07_engine_programming4\engine\digdug\startmenuscene.cpp(55): error C2374: 'to': redefinition; multiple initialization
  c:\users\robbe\documents\school\semester4\prog4\repo\janssensrobbe_2dae07_engine_programming4\engine\digdug\startmenuscene.cpp(43): note: see declaration of 'to'
c:\users\robbe\documents\school\semester4\prog4\repo\janssensrobbe_2dae07_engine_programming4\engine\digdug\startmenuscene.cpp(55): error C2065: 'GameObject': undeclared identifier
c:\users\robbe\documents\school\semester4\prog4\repo\janssensrobbe_2dae07_engine_programming4\engine\digdug\startmenuscene.cpp(55): error C2672: 'std::make_shared': no matching overloaded function found
c:\users\robbe\documents\school\semester4\prog4\repo\janssensrobbe_2dae07_engine_programming4\engine\digdug\startmenuscene.cpp(55): error C2974: 'std::make_shared': invalid template argument for '_Ty', type expected
  c:\program files (x86)\microsoft visual studio\2017\community\vc\tools\msvc\14.16.27023\include\memory(1864): note: see declaration of 'std::make_shared'
c:\users\robbe\documents\school\semester4\prog4\repo\janssensrobbe_2dae07_engine_programming4\engine\digdug\startmenuscene.cpp(56): error C2143: syntax error: missing ';' before '*'
c:\users\robbe\documents\school\semester4\prog4\repo\janssensrobbe_2dae07_engine_programming4\engine\digdug\startmenuscene.cpp(56): error C4430: missing type specifier - int assumed. Note: C++ does not support default-int
c:\users\robbe\documents\school\semester4\prog4\repo\janssensrobbe_2dae07_engine_programming4\engine\digdug\startmenuscene.cpp(56): error C2061: syntax error: identifier 'ButtonComponent'
c:\users\robbe\documents\school\semester4\prog4\repo\janssensrobbe_2dae07_engine_programming4\engine\digdug\startmenuscene.cpp(56): error C2143: syntax error: missing ';' before '{'
c:\users\robbe\documents\school\semester4\prog4\repo\janssensrobbe_2dae07_engine_programming4\engine\digdug\startmenuscene.cpp(56): error C2143: syntax error: missing ')' before ';'
c:\users\robbe\documents\school\semester4\prog4\repo\janssensrobbe_2dae07_engine_programming4\engine\digdug\startmenuscene.cpp(56): error C2447: '{': missing function header (old-style formal list?)
c:\users\robbe\documents\school\semester4\prog4\repo\janssensrobbe_2dae07_engine_programming4\engine\digdug\startmenuscene.cpp(56): error C2059: syntax error: ','
c:\users\robbe\documents\school\semester4\prog4\repo\janssensrobbe_2dae07_engine_programming4\engine\digdug\startmenuscene.cpp(56): error C2059: syntax error: ')'
c:\users\robbe\documents\school\semester4\prog4\repo\janssensrobbe_2dae07_engine_programming4\engine\digdug\startmenuscene.cpp(57): error C3927: '->': trailing return type is not allowed after a non-function declarator
c:\users\robbe\documents\school\semester4\prog4\repo\janssensrobbe_2dae07_engine_programming4\engine\digdug\startmenuscene.cpp(57): error C3613: missing return type after '->' ('int' assumed)
c:\users\robbe\documents\school\semester4\prog4\repo\janssensrobbe_2dae07_engine_programming4\engine\digdug\startmenuscene.cpp(57): error C4430: missing type specifier - int assumed. Note: C++ does not support default-int
c:\users\robbe\documents\school\semester4\prog4\repo\janssensrobbe_2dae07_engine_programming4\engine\digdug\startmenuscene.cpp(57): error C2040: 'buttonComp': 'int' differs in levels of indirection from 'int *'
c:\users\robbe\documents\school\semester4\prog4\repo\janssensrobbe_2dae07_engine_programming4\engine\digdug\startmenuscene.cpp(57): error C2146: syntax error: missing ';' before identifier 'SetLoadedScene'
c:\users\robbe\documents\school\semester4\prog4\repo\janssensrobbe_2dae07_engine_programming4\engine\digdug\startmenuscene.cpp(57): error C2653: 'SceneType': is not a class or namespace name
c:\users\robbe\documents\school\semester4\prog4\repo\janssensrobbe_2dae07_engine_programming4\engine\digdug\startmenuscene.cpp(58): error C3927: '->': trailing return type is not allowed after a non-function declarator
c:\users\robbe\documents\school\semester4\prog4\repo\janssensrobbe_2dae07_engine_programming4\engine\digdug\startmenuscene.cpp(58): error C3613: missing return type after '->' ('int' assumed)
c:\users\robbe\documents\school\semester4\prog4\repo\janssensrobbe_2dae07_engine_programming4\engine\digdug\startmenuscene.cpp(58): error C4430: missing type specifier - int assumed. Note: C++ does not support default-int
c:\users\robbe\documents\school\semester4\prog4\repo\janssensrobbe_2dae07_engine_programming4\engine\digdug\startmenuscene.cpp(58): error C2040: 'buttonComp': 'int' differs in levels of indirection from 'int *'
c:\users\robbe\documents\school\semester4\prog4\repo\janssensrobbe_2dae07_engine_programming4\engine\digdug\startmenuscene.cpp(58): error C2146: syntax error: missing ';' before identifier 'SetButtonActive'
c:\users\robbe\documents\school\semester4\prog4\repo\janssensrobbe_2dae07_engine_programming4\engine\digdug\startmenuscene.cpp(59): error C2653: 'ButtonManager': is not a class or namespace name
c:\users\robbe\documents\school\semester4\prog4\repo\janssensrobbe_2dae07_engine_programming4\engine\digdug\startmenuscene.cpp(59): error C3484: syntax error: expected '->' before the return type
c:\users\robbe\documents\school\semester4\prog4\repo\janssensrobbe_2dae07_engine_programming4\engine\digdug\startmenuscene.cpp(59): error C3613: missing return type after '->' ('int' assumed)
c:\users\robbe\documents\school\semester4\prog4\repo\janssensrobbe_2dae07_engine_programming4\engine\digdug\startmenuscene.cpp(59): error C3646: 'AddButton': unknown override specifier
c:\users\robbe\documents\school\semester4\prog4\repo\janssensrobbe_2dae07_engine_programming4\engine\digdug\startmenuscene.cpp(59): error C3551: if a trailing return type is used then the leading return type shall be the single type-specifier 'auto' (not 'int')
c:\users\robbe\documents\school\semester4\prog4\repo\janssensrobbe_2dae07_engine_programming4\engine\digdug\startmenuscene.cpp(59): error C4430: missing type specifier - int assumed. Note: C++ does not support default-int
c:\users\robbe\documents\school\semester4\prog4\repo\janssensrobbe_2dae07_engine_programming4\engine\digdug\startmenuscene.cpp(59): error C2059: syntax error: '('
c:\users\robbe\documents\school\semester4\prog4\repo\janssensrobbe_2dae07_engine_programming4\engine\digdug\startmenuscene.cpp(59): error C2086: 'int *buttonComp': redefinition
  c:\users\robbe\documents\school\semester4\prog4\repo\janssensrobbe_2dae07_engine_programming4\engine\digdug\startmenuscene.cpp(56): note: see declaration of 'buttonComp'
c:\users\robbe\documents\school\semester4\prog4\repo\janssensrobbe_2dae07_engine_programming4\engine\digdug\startmenuscene.cpp(60): error C3927: '->': trailing return type is not allowed after a non-function declarator
c:\users\robbe\documents\school\semester4\prog4\repo\janssensrobbe_2dae07_engine_programming4\engine\digdug\startmenuscene.cpp(60): error C3613: missing return type after '->' ('int' assumed)
c:\users\robbe\documents\school\semester4\prog4\repo\janssensrobbe_2dae07_engine_programming4\engine\digdug\startmenuscene.cpp(60): error C4430: missing type specifier - int assumed. Note: C++ does not support default-int
c:\users\robbe\documents\school\semester4\prog4\repo\janssensrobbe_2dae07_engine_programming4\engine\digdug\startmenuscene.cpp(60): error C2086: 'int to': redefinition
  c:\users\robbe\documents\school\semester4\prog4\repo\janssensrobbe_2dae07_engine_programming4\engine\digdug\startmenuscene.cpp(43): note: see declaration of 'to'
c:\users\robbe\documents\school\semester4\prog4\repo\janssensrobbe_2dae07_engine_programming4\engine\digdug\startmenuscene.cpp(60): error C2146: syntax error: missing ';' before identifier 'AddComponent'
c:\users\robbe\documents\school\semester4\prog4\repo\janssensrobbe_2dae07_engine_programming4\engine\digdug\startmenuscene.cpp(61): error C4430: missing type specifier - int assumed. Note: C++ does not support default-int
c:\users\robbe\documents\school\semester4\prog4\repo\janssensrobbe_2dae07_engine_programming4\engine\digdug\startmenuscene.cpp(61): error C2374: 'Add': redefinition; multiple initialization
  c:\users\robbe\documents\school\semester4\prog4\repo\janssensrobbe_2dae07_engine_programming4\engine\digdug\startmenuscene.cpp(47): note: see declaration of 'Add'
c:\users\robbe\documents\school\semester4\prog4\repo\janssensrobbe_2dae07_engine_programming4\engine\digdug\startmenuscene.cpp(63): error C4430: missing type specifier - int assumed. Note: C++ does not support default-int
c:\users\robbe\documents\school\semester4\prog4\repo\janssensrobbe_2dae07_engine_programming4\engine\digdug\startmenuscene.cpp(63): error C2374: 'to': redefinition; multiple initialization
  c:\users\robbe\documents\school\semester4\prog4\repo\janssensrobbe_2dae07_engine_programming4\engine\digdug\startmenuscene.cpp(43): note: see declaration of 'to'
c:\users\robbe\documents\school\semester4\prog4\repo\janssensrobbe_2dae07_engine_programming4\engine\digdug\startmenuscene.cpp(63): error C2065: 'GameObject': undeclared identifier
c:\users\robbe\documents\school\semester4\prog4\repo\janssensrobbe_2dae07_engine_programming4\engine\digdug\startmenuscene.cpp(63): error C2672: 'std::make_shared': no matching overloaded function found
c:\users\robbe\documents\school\semester4\prog4\repo\janssensrobbe_2dae07_engine_programming4\engine\digdug\startmenuscene.cpp(63): error C2974: 'std::make_shared': invalid template argument for '_Ty', type expected
  c:\program files (x86)\microsoft visual studio\2017\community\vc\tools\msvc\14.16.27023\include\memory(1864): note: see declaration of 'std::make_shared'
c:\users\robbe\documents\school\semester4\prog4\repo\janssensrobbe_2dae07_engine_programming4\engine\digdug\startmenuscene.cpp(64): error C2143: syntax error: missing ';' before '*'
c:\users\robbe\documents\school\semester4\prog4\repo\janssensrobbe_2dae07_engine_programming4\engine\digdug\startmenuscene.cpp(64): error C4430: missing type specifier - int assumed. Note: C++ does not support default-int
c:\users\robbe\documents\school\semester4\prog4\repo\janssensrobbe_2dae07_engine_programming4\engine\digdug\startmenuscene.cpp(64): error C2086: 'int ButtonComponent': redefinition
  c:\users\robbe\documents\school\semester4\prog4\repo\janssensrobbe_2dae07_engine_programming4\engine\digdug\startmenuscene.cpp(56): note: see declaration of 'ButtonComponent'
c:\users\robbe\documents\school\semester4\prog4\repo\janssensrobbe_2dae07_engine_programming4\engine\digdug\startmenuscene.cpp(64): error C2061: syntax error: identifier 'ButtonComponent'
c:\users\robbe\documents\school\semester4\prog4\repo\janssensrobbe_2dae07_engine_programming4\engine\digdug\startmenuscene.cpp(64): error C2143: syntax error: missing ';' before '{'
c:\users\robbe\documents\school\semester4\prog4\repo\janssensrobbe_2dae07_engine_programming4\engine\digdug\startmenuscene.cpp(64): error C2143: syntax error: missing ')' before ';'
c:\users\robbe\documents\school\semester4\prog4\repo\janssensrobbe_2dae07_engine_programming4\engine\digdug\startmenuscene.cpp(64): error C2447: '{': missing function header (old-style formal list?)
c:\users\robbe\documents\school\semester4\prog4\repo\janssensrobbe_2dae07_engine_programming4\engine\digdug\startmenuscene.cpp(64): error C2059: syntax error: ','
c:\users\robbe\documents\school\semester4\prog4\repo\janssensrobbe_2dae07_engine_programming4\engine\digdug\startmenuscene.cpp(64): fatal error C1003: error count exceeds 100; stopping compilation
